[2025-02-23 20:56:06.451] [info] Running: "basecaller" "sup" "--models-directory" "dorado_models" "seqRuns/NWR1/pod5" "--recursive" "--no-trim"
[2025-02-23 20:56:06.811] [error] Unknown argument: --models-directory
Usage: dorado [-h] [--device VAR] [--read-ids VAR] [--resume-from VAR] [--max-reads VAR] [--min-qscore VAR] [--batchsize VAR] [--chunksize VAR] [--overlap VAR] [--recursive] [--modified-bases VAR...] [--modified-bases-models VAR] [--modified-bases-threshold VAR] [--emit-fastq] [--emit-sam] [--emit-moves] [--reference VAR] [--kit-name VAR] [--barcode-both-ends] [--no-trim] [--trim VAR] [--sample-sheet VAR] [--barcode-arrangement VAR] [--barcode-sequences VAR] [--primer-sequences VAR] [--estimate-poly-a] [--poly-a-config VAR] [-k VAR] [-w VAR] [-I VAR] [--secondary VAR] [-N VAR] [-Y] [--bandwidth VAR] [--junc-bed VAR] [--mm2-preset VAR] model data

Positional arguments:
  model                     	model selection {fast,hac,sup}@v{version} for automatic model selection including modbases, or path to existing model directory 
  data                      	the data directory or file (POD5/FAST5 format). 

Optional arguments:
  -h, --help                	shows help message and exits 
  -v, --verbose             	
  -x, --device              	device string in format "cuda:0,...,N", "cuda:all", "metal", "cpu" etc.. [default: "cuda:all"]
  -l, --read-ids            	A file with a newline-delimited list of reads to basecall. If not provided, all reads will be basecalled [default: ""]
  --resume-from             	Resume basecalling from the given HTS file. Fully written read records are not processed again. [default: ""]
  -n, --max-reads           	[default: 0]
  --min-qscore              	Discard reads with mean Q-score below this threshold. [default: 0]
  -b, --batchsize           	if 0 an optimal batchsize will be selected. batchsizes are rounded to the closest multiple of 64. [default: 0]
  -c, --chunksize           	[default: 10000]
  -o, --overlap             	[default: 500]
  -r, --recursive           	Recursively scan through directories to load FAST5 and POD5 files 
  --modified-bases          	[nargs: 1 or more] 
  --modified-bases-models   	a comma separated list of modified base models [default: ""]
  --modified-bases-threshold	the minimum predicted methylation probability for a modified base to be emitted in an all-context model, [0, 1] [default: 0.05]
  --emit-fastq              	Output in fastq format. 
  --emit-sam                	Output in SAM format. 
  --emit-moves              	
  --reference               	Path to reference for alignment. [default: ""]
  --kit-name                	Enable barcoding with the provided kit name. Choose from: EXP-NBD103 EXP-NBD104 EXP-NBD114 EXP-NBD196 EXP-PBC001 EXP-PBC096 SQK-16S024 SQK-16S114-24 SQK-LWB001 SQK-MLK111-96-XL SQK-MLK114-96-XL SQK-NBD111-24 SQK-NBD111-96 SQK-NBD114-24 SQK-NBD114-96 SQK-PBK004 SQK-PCB109 SQK-PCB110 SQK-PCB111-24 SQK-PCB114-24 SQK-RAB201 SQK-RAB204 SQK-RBK001 SQK-RBK004 SQK-RBK110-96 SQK-RBK111-24 SQK-RBK111-96 SQK-RBK114-24 SQK-RBK114-96 SQK-RLB001 SQK-RPB004 SQK-RPB114-24 TWIST-16-UDI TWIST-96A-UDI VSK-PTC001 VSK-VMK001 VSK-VMK004 VSK-VPS001. [default: ""]
  --barcode-both-ends       	Require both ends of a read to be barcoded for a double ended barcode. 
  --no-trim                 	Skip trimming of barcodes, adapters, and primers. If option is not chosen, trimming of all three is enabled. 
  --trim                    	Specify what to trim. Options are 'none', 'all', 'adapters', and 'primers'. Default behaviour is to trim all detected adapters, primers, or barcodes. Choose 'adapters' to just trim adapters. The 'primers' choice will trim adapters and primers, but not barcodes. The 'none' choice is equivelent to using --no-trim. Note that this only applies to DNA. RNA adapters are always trimmed. [default: ""]
  --sample-sheet            	Path to the sample sheet to use. [default: ""]
  --barcode-arrangement     	Path to file with custom barcode arrangement. 
  --barcode-sequences       	Path to file with custom barcode sequences. 
  --primer-sequences        	Path to file with custom primer sequences. [default: <not representable>]
  --estimate-poly-a         	Estimate poly-A/T tail lengths (beta feature). Primarily meant for cDNA and dRNA use cases. 
  --poly-a-config           	Configuration file for PolyA estimation to change default behaviours [default: ""]
  -k                        	minimap2 k-mer size for alignment (maximum 28). 
  -w                        	minimap2 minimizer window size for alignment. 
  -I                        	minimap2 index batch size. 
  --secondary               	minimap2 outputs secondary alignments 
  -N                        	minimap2 retains at most INT secondary alignments 
  -Y                        	minimap2 uses soft clipping for supplementary alignments 
  --bandwidth               	minimap2 chaining/alignment bandwidth and optionally long-join bandwidth specified as NUM,[NUM] 
  --junc-bed                	Optional file with gene annotations in the BED12 format (aka 12-column BED), or intron positions in 5-column BED. With this option, minimap2 prefers splicing in annotations. 
  --mm2-preset              	minimap2 preset for indexing and mapping. Alias for the -x option in minimap2. [default: "lr:hq"]

