Current directory: /work/richlab/aliciarich/read_processing/reads/trimmed/NWR1
Files in trimmed: NTC1-CTRL.fastq
NWR-003-S1.fastq
NWR-032-S2.fastq
NWR-036-S3.fastq
NWR-089-S4.fastq
NWR-102-S5.fastq
NWR-103-S6.fastq
NWR-107-S7.fastq
NWR-108-S8.fastq
NWR-114-S9.fastq
NWR-115-S10.fastq
NWR-116-S11.fastq
NWR-117-S12.fastq
NWR-118-S13.fastq
NWR-119-S14.fastq
NWR-121-S23.fastq
NWR-122-S21.fastq
NWR-126-S17.fastq
NWR-127-S19.fastq
NWR-130-S18.fastq
NWR-151-S20.fastq
NWR-153-S22.fastq
NWR-154-S16.fastq
NWR-156-S15.fastq
unclassified.fastq
Processed NTC1-CTRL.fastq
Processed NWR-003-S1.fastq
Processed NWR-032-S2.fastq
Processed NWR-036-S3.fastq
Processed NWR-089-S4.fastq
Processed NWR-102-S5.fastq
Processed NWR-103-S6.fastq
Processed NWR-107-S7.fastq
Processed NWR-108-S8.fastq
Processed NWR-114-S9.fastq
Processed NWR-115-S10.fastq
Processed NWR-116-S11.fastq
Processed NWR-117-S12.fastq
Processed NWR-118-S13.fastq
Processed NWR-119-S14.fastq
Processed NWR-121-S23.fastq
Processed NWR-122-S21.fastq
Processed NWR-126-S17.fastq
Processed NWR-127-S19.fastq
Processed NWR-130-S18.fastq
Processed NWR-151-S20.fastq
Processed NWR-153-S22.fastq
Processed NWR-154-S16.fastq
Processed NWR-156-S15.fastq
Processed unclassified.fastq
Organized NTC1-CTRL.fastq
Organized NWR-003-S1.fastq
Organized NWR-032-S2.fastq
Organized NWR-036-S3.fastq
Organized NWR-089-S4.fastq
Organized NWR-102-S5.fastq
Organized NWR-103-S6.fastq
Organized NWR-107-S7.fastq
Organized NWR-108-S8.fastq
Organized NWR-114-S9.fastq
Organized NWR-115-S10.fastq
Organized NWR-116-S11.fastq
Organized NWR-117-S12.fastq
Organized NWR-118-S13.fastq
Organized NWR-119-S14.fastq
Organized NWR-121-S23.fastq
Organized NWR-122-S21.fastq
Organized NWR-126-S17.fastq
Organized NWR-127-S19.fastq
Organized NWR-130-S18.fastq
Organized NWR-151-S20.fastq
Organized NWR-153-S22.fastq
Organized NWR-154-S16.fastq
Organized NWR-156-S15.fastq
Organized unclassified.fastq
Current directory: /work/richlab/aliciarich/read_processing/reads/trimmed/NWR1
Files in filtered: 
